<?xml version="1.0" encoding="UTF-8"?>
<!-- Generated by org.testng.reporters.JUnitReportReporter -->
<testsuite hostname="admin" failures="0" tests="1" name="basicAsserts.AssertFalse" time="12.364" errors="0" timestamp="2024-02-29T10:15:34 IST" skipped="0">
  <testcase classname="basicAsserts.AssertFalse" name="myntra" time="12.364"/>
  <system-out/>
</testsuite> <!-- basicAsserts.AssertFalse -->
