<?xml version="1.0" encoding="UTF-8"?>
<!-- Generated by org.testng.reporters.JUnitReportReporter -->
<testsuite hostname="admin" failures="0" tests="1" name="vtigercrm.Organizations" time="18.398" errors="0" timestamp="2024-03-06T14:14:22 IST" skipped="0">
  <testcase classname="vtigercrm.Organizations" name="organizationTest" time="18.398"/>
  <system-out>
organizationTest Testscript execution is started  </system-out>
</testsuite> <!-- vtigercrm.Organizations -->
