<?xml version="1.0" encoding="UTF-8"?>
<!-- Generated by org.testng.reporters.JUnitReportReporter -->
<testsuite hostname="admin" failures="0" tests="2" name="TestNG.Execution" time="7.483" errors="0" timestamp="2024-03-07T10:30:56 IST" skipped="0">
  <testcase classname="TestNG.Execution" name="myntraTest" time="2.860"/>
  <system-out/>
  <testcase classname="TestNG.Execution" name="ajioTest" time="4.623"/>
  <system-out/>
</testsuite> <!-- TestNG.Execution -->
