<?xml version="1.0" encoding="UTF-8"?>
<!-- Generated by org.testng.reporters.JUnitReportReporter -->
<testsuite hostname="admin" failures="0" tests="1" name="vtigercrm.Contacts" time="33.650" errors="0" timestamp="2024-03-07T09:55:56 IST" skipped="0">
  <testcase classname="vtigercrm.Contacts" name="ContactTest" time="33.650"/>
  <system-out>
ContactTest Testscript execution is started  </system-out>
</testsuite> <!-- vtigercrm.Contacts -->
