<?xml version="1.0" encoding="UTF-8"?>
<!-- Generated by org.testng.reporters.JUnitReportReporter -->
<testsuite hostname="admin" failures="0" tests="1" name="TestNG.Annotation" time="0.006" errors="0" timestamp="2024-02-28T10:56:06 IST" skipped="0">
  <testcase classname="TestNG.Annotation" name="facebook" time="0.006"/>
  <system-out/>
</testsuite> <!-- TestNG.Annotation -->
