<?xml version="1.0" encoding="UTF-8"?>
<!-- Generated by org.testng.reporters.JUnitReportReporter -->
<testsuite hostname="admin" failures="0" tests="1" name="TestNG.Assert" time="33.027" errors="0" timestamp="2024-02-28T11:56:08 IST" skipped="0">
  <testcase classname="TestNG.Assert" name="myntra" time="33.027"/>
  <system-out/>
</testsuite> <!-- TestNG.Assert -->
