<?xml version="1.0" encoding="UTF-8"?>
<!-- Generated by org.testng.reporters.JUnitReportReporter -->
<testsuite hostname="admin" failures="0" tests="2" name="TestNG.Annotaion1" time="0.027" errors="0" timestamp="2024-02-28T14:14:42 IST" skipped="0">
  <testcase classname="TestNG.Annotaion1" name="amazon" time="0.018"/>
  <system-out/>
  <testcase classname="TestNG.Annotaion1" name="facebook" time="0.009"/>
  <system-out/>
</testsuite> <!-- TestNG.Annotaion1 -->
