<?xml version="1.0" encoding="UTF-8"?>
<!-- Generated by org.testng.reporters.JUnitReportReporter -->
<testsuite hostname="admin" failures="0" tests="2" name="basicTestNG.CrossBrowserParallelExecution" time="8.369" errors="0" timestamp="2024-03-07T10:53:29 IST" skipped="0">
  <testcase classname="basicTestNG.CrossBrowserParallelExecution" name="skillraryTest" time="4.669"/>
  <system-out/>
  <testcase classname="basicTestNG.CrossBrowserParallelExecution" name="vTigerTest" time="3.700"/>
  <system-out/>
</testsuite> <!-- basicTestNG.CrossBrowserParallelExecution -->
