<?xml version="1.0" encoding="UTF-8"?>
<!-- Generated by org.testng.reporters.JUnitReportReporter -->
<testsuite hostname="admin" failures="0" tests="1" name="basicAsserts.SoftAssert" time="20.510" errors="0" timestamp="2024-02-29T10:30:37 IST" skipped="0">
  <testcase classname="basicAsserts.SoftAssert" name="myntra" time="20.510"/>
  <system-out/>
</testsuite> <!-- basicAsserts.SoftAssert -->
