<?xml version="1.0" encoding="UTF-8"?>
<!-- Generated by org.testng.reporters.JUnitReportReporter -->
<testsuite hostname="admin" failures="0" tests="2" name="basicTestNG.CrossBrowserExecution" time="9.331" errors="0" timestamp="2024-03-07T11:20:46 IST" skipped="0">
  <testcase classname="basicTestNG.CrossBrowserExecution" name="myntraTest" time="3.876"/>
  <system-out/>
  <testcase classname="basicTestNG.CrossBrowserExecution" name="myntraTest" time="5.455"/>
  <system-out/>
</testsuite> <!-- basicTestNG.CrossBrowserExecution -->
