<?xml version="1.0" encoding="UTF-8"?>
<!-- Generated by org.testng.reporters.JUnitReportReporter -->
<testsuite hostname="admin" failures="0" tests="2" name="basicTestNG.Execution2" time="6.584" errors="0" timestamp="2024-03-07T11:31:01 IST" skipped="0">
  <testcase classname="basicTestNG.Execution2" name="skillraryTest" time="4.838"/>
  <system-out/>
  <testcase classname="basicTestNG.Execution2" name="vTigerTest" time="1.746"/>
  <system-out/>
</testsuite> <!-- basicTestNG.Execution2 -->
