<?xml version="1.0" encoding="UTF-8"?>
<!-- Generated by org.testng.reporters.JUnitReportReporter -->
<testsuite hostname="admin" failures="0" tests="1" name="basicTestNG.vtiger" time="21.414" errors="0" timestamp="2024-03-07T11:56:35 IST" skipped="0">
  <testcase classname="basicTestNG.vtiger" name="vTigerCRM" time="21.414"/>
  <system-out/>
</testsuite> <!-- basicTestNG.vtiger -->
