<?xml version="1.0" encoding="UTF-8"?>
<!-- Generated by org.testng.reporters.JUnitReportReporter -->
<testsuite hostname="admin" failures="0" tests="4" name="basicTestNG.Parallel_Execution" time="18.975" errors="0" timestamp="2024-03-07T11:31:01 IST" skipped="0">
  <testcase classname="basicTestNG.Parallel_Execution" name="ajioTest" time="4.168"/>
  <system-out/>
  <testcase classname="basicTestNG.Parallel_Execution" name="swiggyTest" time="1.829"/>
  <system-out/>
  <testcase classname="basicTestNG.Parallel_Execution" name="myntraTest" time="7.167"/>
  <system-out/>
  <testcase classname="basicTestNG.Parallel_Execution" name="zomatoTest" time="5.811"/>
  <system-out/>
</testsuite> <!-- basicTestNG.Parallel_Execution -->
