<?xml version="1.0" encoding="UTF-8"?>
<!-- Generated by org.testng.reporters.JUnitReportReporter -->
<testsuite hostname="admin" failures="0" tests="4" name="TestNG.Test1" time="17.138" errors="0" timestamp="2024-02-28T14:16:41 IST" skipped="0">
  <testcase classname="TestNG.Test1" name="facebook" time="3.479"/>
  <system-out/>
  <testcase classname="TestNG.Test1" name="facebook" time="6.381"/>
  <system-out/>
  <testcase classname="TestNG.Test1" name="amazon" time="5.072"/>
  <system-out/>
  <testcase classname="TestNG.Test1" name="myntra" time="2.206"/>
  <system-out/>
</testsuite> <!-- TestNG.Test1 -->
